<?xml version="1.0" encoding="UTF-8"?>
<!-- Generated by org.testng.reporters.JUnitReportReporter -->
<testsuite hostname="MK-PC" failures="0" tests="1" name="com.runner.TestRUNNER" time="85.267" errors="0" timestamp="28 May 2020 12:28:00 GMT" skipped="0">
  <testcase classname="com.runner.TestRUNNER" name="feature" time="85.267"/>
</testsuite> <!-- com.runner.TestRUNNER -->
